#! /c/Source/iverilog-install/bin/vvp
:ivl_version "12.0 (devel)" "(s20150603-1539-g2693dd32b)";
:ivl_delay_selection "TYPICAL";
:vpi_time_precision - 9;
:vpi_module "C:\iverilog\lib\ivl\system.vpi";
:vpi_module "C:\iverilog\lib\ivl\vhdl_sys.vpi";
:vpi_module "C:\iverilog\lib\ivl\vhdl_textio.vpi";
:vpi_module "C:\iverilog\lib\ivl\v2005_math.vpi";
:vpi_module "C:\iverilog\lib\ivl\va_math.vpi";
S_000001ec8a5b6920 .scope module, "xortb" "xortb" 2 3;
 .timescale -9 -9;
v000001ec8a5b3a50_0 .var "A", 0 0;
v000001ec8a5b3af0_0 .var "B", 0 0;
v000001ec8a5b3b90_0 .net "Y", 0 0, L_000001ec8a4f71a0;  1 drivers
S_000001ec8a5b6ab0 .scope module, "xo" "xor_g" 2 7, 3 1 0, S_000001ec8a5b6920;
 .timescale 0 0;
    .port_info 0 /OUTPUT 1 "y";
    .port_info 1 /INPUT 1 "a";
    .port_info 2 /INPUT 1 "b";
o000001ec8a5b6fa8 .functor BUFZ 1, C4<z>; HiZ drive
L_000001ec8a4fbee0 .functor NOT 1, o000001ec8a5b6fa8, C4<0>, C4<0>, C4<0>;
o000001ec8a5b7008 .functor BUFZ 1, C4<z>; HiZ drive
L_000001ec8a4f7300 .functor NOT 1, o000001ec8a5b7008, C4<0>, C4<0>, C4<0>;
L_000001ec8a4f6ee0 .functor AND 1, L_000001ec8a4f7300, o000001ec8a5b6fa8, C4<1>, C4<1>;
L_000001ec8a4f7040 .functor AND 1, L_000001ec8a4fbee0, o000001ec8a5b7008, C4<1>, C4<1>;
L_000001ec8a4f71a0 .functor OR 1, L_000001ec8a4f6ee0, L_000001ec8a4f7040, C4<0>, C4<0>;
v000001ec8a4f6700_0 .net "A", 0 0, o000001ec8a5b6fa8;  0 drivers
v000001ec8a4fbda0_0 .net "AnB", 0 0, L_000001ec8a4f6ee0;  1 drivers
v000001ec8a4fbe40_0 .net "B", 0 0, o000001ec8a5b7008;  0 drivers
v000001ec8a5b3690_0 .net "a", 0 0, v000001ec8a5b3a50_0;  1 drivers
v000001ec8a5b3730_0 .net "b", 0 0, v000001ec8a5b3af0_0;  1 drivers
v000001ec8a5b37d0_0 .net "nA", 0 0, L_000001ec8a4fbee0;  1 drivers
v000001ec8a5b3870_0 .net "nAB", 0 0, L_000001ec8a4f7040;  1 drivers
v000001ec8a5b3910_0 .net "nB", 0 0, L_000001ec8a4f7300;  1 drivers
v000001ec8a5b39b0_0 .net "y", 0 0, L_000001ec8a4f71a0;  alias, 1 drivers
    .scope S_000001ec8a5b6920;
T_0 ;
    %vpi_call 2 10 "$dumpfile", "xor_out.vcd" {0 0 0};
    %vpi_call 2 11 "$dumpvars", 32'sb00000000000000000000000000000000, S_000001ec8a5b6920 {0 0 0};
    %pushi/vec4 0, 0, 1;
    %store/vec4 v000001ec8a5b3a50_0, 0, 1;
    %pushi/vec4 0, 0, 1;
    %store/vec4 v000001ec8a5b3af0_0, 0, 1;
    %delay 50, 0;
    %pushi/vec4 0, 0, 1;
    %store/vec4 v000001ec8a5b3a50_0, 0, 1;
    %pushi/vec4 1, 0, 1;
    %store/vec4 v000001ec8a5b3af0_0, 0, 1;
    %delay 50, 0;
    %pushi/vec4 1, 0, 1;
    %store/vec4 v000001ec8a5b3a50_0, 0, 1;
    %pushi/vec4 0, 0, 1;
    %store/vec4 v000001ec8a5b3af0_0, 0, 1;
    %delay 50, 0;
    %pushi/vec4 1, 0, 1;
    %store/vec4 v000001ec8a5b3a50_0, 0, 1;
    %pushi/vec4 1, 0, 1;
    %store/vec4 v000001ec8a5b3af0_0, 0, 1;
    %delay 50, 0;
    %end;
    .thread T_0;
# The file index is used to find the file name in the following table.
:file_names 4;
    "N/A";
    "<interactive>";
    "xor_tb.v";
    "xor.v";
